14:56:03 [main] INFO part2.labwork3.first.FileUtilsProgram - Program started
14:56:03 [main] INFO part2.labwork3.first.FileUtilsProgram - Initial WeatherWithStreams object created
14:56:03 [main] DEBUG part2.labwork3.first.FileUtilsProgram - Weather:
Season: Winter. Comment: 7 days are described with streams.
Days:
Date: 09.12.22. Temperature: -5.2 degrees Celsius.
Comment: Cloudy
Date: 10.12.22. Temperature: -3.1 degrees Celsius.
Comment: Windy
Date: 11.12.22. Temperature: -6.0 degrees Celsius.
Comment: Sunny
Date: 12.12.22. Temperature: -7.6 degrees Celsius.
Comment: Drizzly
Date: 13.12.22. Temperature: -3.2 degrees Celsius.
Comment: Foggy
Date: 14.12.22. Temperature: 0.0 degrees Celsius.
Comment: Foggy and cloudy
Date: 15.12.22. Temperature: 1.0 degrees Celsius.
Comment: Windy and sunny

14:56:03 [main] INFO part2.labwork3.first.FileUtilsProgram - Writing to text file
14:56:03 [main] INFO part2.labwork3.first.FileUtilsProgram - Reading from text file
14:56:03 [main] DEBUG part2.labwork3.first.FileUtilsProgram - Weather:
Season: Winter. Comment: 7 days are described with streams.
Days:
Date: 09.12.22. Temperature: -5.2 degrees Celsius.
Comment: Cloudy
Date: 10.12.22. Temperature: -3.1 degrees Celsius.
Comment: Windy
Date: 11.12.22. Temperature: -6.0 degrees Celsius.
Comment: Sunny
Date: 12.12.22. Temperature: -7.6 degrees Celsius.
Comment: Drizzly
Date: 13.12.22. Temperature: -3.2 degrees Celsius.
Comment: Foggy
Date: 14.12.22. Temperature: 0.0 degrees Celsius.
Comment: Foggy and cloudy
Date: 15.12.22. Temperature: 1.0 degrees Celsius.
Comment: Windy and sunny

14:56:03 [main] INFO part2.labwork3.first.FileUtilsProgram - Sorting by comment...
14:56:03 [main] INFO part2.labwork3.first.FileUtilsProgram - Serializing to XML
14:56:03 [main] INFO part2.labwork3.first.FileUtilsProgram - Deserializing from XML
14:56:03 [main] DEBUG part2.labwork3.first.FileUtilsProgram - Weather:
Season: Winter. Comment: 7 days are described with streams.
Days:
Date: 09.12.22. Temperature: -5.2 degrees Celsius.
Comment: Cloudy
Date: 12.12.22. Temperature: -7.6 degrees Celsius.
Comment: Drizzly
Date: 13.12.22. Temperature: -3.2 degrees Celsius.
Comment: Foggy
Date: 14.12.22. Temperature: 0.0 degrees Celsius.
Comment: Foggy and cloudy
Date: 11.12.22. Temperature: -6.0 degrees Celsius.
Comment: Sunny
Date: 10.12.22. Temperature: -3.1 degrees Celsius.
Comment: Windy
Date: 15.12.22. Temperature: 1.0 degrees Celsius.
Comment: Windy and sunny

14:56:03 [main] INFO part2.labwork3.first.FileUtilsProgram - Sorting by decreasing temperature...
14:56:03 [main] INFO part2.labwork3.first.FileUtilsProgram - Serializing to JSON
14:56:03 [main] INFO part2.labwork3.first.FileUtilsProgram - Deserializing from JSON
14:56:03 [main] DEBUG part2.labwork3.first.FileUtilsProgram - Weather:
Season: Winter. Comment: 7 days are described with streams.
Days:
Date: 15.12.22. Temperature: 1.0 degrees Celsius.
Comment: Windy and sunny
Date: 14.12.22. Temperature: 0.0 degrees Celsius.
Comment: Foggy and cloudy
Date: 10.12.22. Temperature: -3.1 degrees Celsius.
Comment: Windy
Date: 13.12.22. Temperature: -3.2 degrees Celsius.
Comment: Foggy
Date: 09.12.22. Temperature: -5.2 degrees Celsius.
Comment: Cloudy
Date: 11.12.22. Temperature: -6.0 degrees Celsius.
Comment: Sunny
Date: 12.12.22. Temperature: -7.6 degrees Celsius.
Comment: Drizzly

14:56:03 [main] INFO part2.labwork3.first.FileUtilsProgram - Program finished
