17:50:36 [JavaFX Application Thread] INFO part2.labwork4.first.WeatherDaysFX - Starting application...
17:50:37 [JavaFX Application Thread] INFO part2.labwork4.first.WeatherDaysFX - Application started successfully
17:50:43 [JavaFX Application Thread] INFO part2.labwork4.first.WeatherDaysFX - Starting a new session...
17:50:43 [JavaFX Application Thread] INFO part2.labwork4.first.WeatherDaysFX - New session started successfully
17:50:45 [JavaFX Application Thread] INFO part2.labwork4.first.WeatherDaysFX - Attempting to add a new day...
17:50:45 [JavaFX Application Thread] INFO part2.labwork4.first.WeatherDaysFX - New day(row) added successfully
17:50:45 [JavaFX Application Thread] DEBUG part2.labwork4.first.WeatherDaysFX - Added day: Date: . Temperature: 0.0 degrees Celsius.
Comment: 
17:50:45 [JavaFX Application Thread] INFO part2.labwork4.first.WeatherDaysFX - Attempting to update the table...
17:50:45 [JavaFX Application Thread] INFO part2.labwork4.first.WeatherDaysFX - Table updated successfully
17:50:47 [JavaFX Application Thread] INFO part2.labwork4.first.WeatherDaysFX - Attempting to search by word...
17:50:47 [JavaFX Application Thread] INFO part2.labwork4.first.WeatherDaysFX - Source data updated successfully
17:50:47 [JavaFX Application Thread] INFO part2.labwork4.first.WeatherDaysFX - Search by word completed successfully
17:50:47 [JavaFX Application Thread] DEBUG part2.labwork4.first.WeatherDaysFX - Searched word: . Found days: 
17:50:48 [JavaFX Application Thread] INFO part2.labwork4.first.WeatherDaysFX - Attempting to search by word fragment...
17:50:48 [JavaFX Application Thread] INFO part2.labwork4.first.WeatherDaysFX - Source data updated successfully
17:50:48 [JavaFX Application Thread] INFO part2.labwork4.first.WeatherDaysFX - Search by word fragment completed successfully
17:50:48 [JavaFX Application Thread] DEBUG part2.labwork4.first.WeatherDaysFX - Searched word fragment: . Found days: 
17:50:48 [JavaFX Application Thread] INFO part2.labwork4.first.WeatherDaysFX - Attempting to search by max temperature...
17:50:48 [JavaFX Application Thread] INFO part2.labwork4.first.WeatherDaysFX - Source data updated successfully
17:50:48 [JavaFX Application Thread] INFO part2.labwork4.first.WeatherDaysFX - Search by max temperature completed successfully
17:50:48 [JavaFX Application Thread] DEBUG part2.labwork4.first.WeatherDaysFX - Found days with max temperature: 
17:50:48 [JavaFX Application Thread] DEBUG part2.labwork4.first.WeatherDaysFX - Date: . Temperature: 0.0 degrees Celsius.
Comment: 
17:50:49 [JavaFX Application Thread] INFO part2.labwork4.first.WeatherDaysFX - Attempting to search by longest comment...
17:50:49 [JavaFX Application Thread] INFO part2.labwork4.first.WeatherDaysFX - Source data updated successfully
17:50:49 [JavaFX Application Thread] INFO part2.labwork4.first.WeatherDaysFX - Search by longest comment completed successfully
17:50:49 [JavaFX Application Thread] DEBUG part2.labwork4.first.WeatherDaysFX - Found days with longest comment: 
17:50:49 [JavaFX Application Thread] DEBUG part2.labwork4.first.WeatherDaysFX - Date: . Temperature: 0.0 degrees Celsius.
Comment: 
17:50:49 [JavaFX Application Thread] INFO part2.labwork4.first.WeatherDaysFX - Attempting to search by max temperature...
17:50:49 [JavaFX Application Thread] INFO part2.labwork4.first.WeatherDaysFX - Source data updated successfully
17:50:49 [JavaFX Application Thread] INFO part2.labwork4.first.WeatherDaysFX - Search by max temperature completed successfully
17:50:49 [JavaFX Application Thread] DEBUG part2.labwork4.first.WeatherDaysFX - Found days with max temperature: 
17:50:49 [JavaFX Application Thread] DEBUG part2.labwork4.first.WeatherDaysFX - Date: . Temperature: 0.0 degrees Celsius.
Comment: 
17:50:58 [JavaFX Application Thread] INFO part2.labwork4.first.WeatherDaysFX - Attempting to remove the last row...
17:50:58 [JavaFX Application Thread] INFO part2.labwork4.first.WeatherDaysFX - Last row removed successfully
17:50:58 [JavaFX Application Thread] DEBUG part2.labwork4.first.WeatherDaysFX - Removed day: Date: . Temperature: 0.0 degrees Celsius.
Comment: 
17:51:00 [JavaFX Application Thread] INFO part2.labwork4.first.WeatherDaysFX - Attempting to add a new day...
17:51:00 [JavaFX Application Thread] INFO part2.labwork4.first.WeatherDaysFX - Failed to add a new day(row)
17:51:02 [JavaFX Application Thread] INFO part2.labwork4.first.WeatherDaysFX - Attempting to add a new day...
17:51:02 [JavaFX Application Thread] INFO part2.labwork4.first.WeatherDaysFX - Failed to add a new day(row)
17:51:03 [JavaFX Application Thread] INFO part2.labwork4.first.WeatherDaysFX - Attempting to add a new day...
17:51:03 [JavaFX Application Thread] INFO part2.labwork4.first.WeatherDaysFX - Failed to add a new day(row)
17:51:04 [JavaFX Application Thread] INFO part2.labwork4.first.WeatherDaysFX - Attempting to remove the last row...
17:51:04 [JavaFX Application Thread] INFO part2.labwork4.first.WeatherDaysFX - No rows to remove
17:51:05 [JavaFX Application Thread] INFO part2.labwork4.first.WeatherDaysFX - Attempting to add a new day...
17:51:05 [JavaFX Application Thread] INFO part2.labwork4.first.WeatherDaysFX - Failed to add a new day(row)
17:51:06 [JavaFX Application Thread] INFO part2.labwork4.first.WeatherDaysFX - Attempting to add a new day...
17:51:06 [JavaFX Application Thread] INFO part2.labwork4.first.WeatherDaysFX - Failed to add a new day(row)
17:51:07 [JavaFX Application Thread] INFO part2.labwork4.first.WeatherDaysFX - Attempting to add a new day...
17:51:07 [JavaFX Application Thread] INFO part2.labwork4.first.WeatherDaysFX - Failed to add a new day(row)
17:51:08 [JavaFX Application Thread] INFO part2.labwork4.first.WeatherDaysFX - Starting a new session...
17:51:08 [JavaFX Application Thread] INFO part2.labwork4.first.WeatherDaysFX - New session started successfully
17:51:09 [JavaFX Application Thread] INFO part2.labwork4.first.WeatherDaysFX - Attempting to add a new day...
17:51:09 [JavaFX Application Thread] INFO part2.labwork4.first.WeatherDaysFX - New day(row) added successfully
17:51:09 [JavaFX Application Thread] DEBUG part2.labwork4.first.WeatherDaysFX - Added day: Date: . Temperature: 0.0 degrees Celsius.
Comment: 
17:51:09 [JavaFX Application Thread] INFO part2.labwork4.first.WeatherDaysFX - Attempting to update the table...
17:51:09 [JavaFX Application Thread] INFO part2.labwork4.first.WeatherDaysFX - Table updated successfully
17:51:11 [JavaFX Application Thread] INFO part2.labwork4.first.WeatherDaysFX - Attempting to search by word fragment...
17:51:11 [JavaFX Application Thread] INFO part2.labwork4.first.WeatherDaysFX - Source data updated successfully
17:51:11 [JavaFX Application Thread] INFO part2.labwork4.first.WeatherDaysFX - Search by word fragment completed successfully
17:51:11 [JavaFX Application Thread] DEBUG part2.labwork4.first.WeatherDaysFX - Searched word fragment: . Found days: 
17:51:13 [JavaFX Application Thread] INFO part2.labwork4.first.WeatherDaysFX - Attempting to add a new day...
17:51:13 [JavaFX Application Thread] INFO part2.labwork4.first.WeatherDaysFX - Failed to add a new day(row)
17:51:17 [JavaFX Application Thread] INFO part2.labwork4.first.WeatherDaysFX - Attempting to remove the last row...
17:51:17 [JavaFX Application Thread] INFO part2.labwork4.first.WeatherDaysFX - Last row removed successfully
17:51:17 [JavaFX Application Thread] DEBUG part2.labwork4.first.WeatherDaysFX - Removed day: Date: . Temperature: 0.0 degrees Celsius.
Comment: 
17:51:21 [JavaFX Application Thread] INFO part2.labwork4.first.WeatherDaysFX - Attempting to add a new day...
17:51:21 [JavaFX Application Thread] INFO part2.labwork4.first.WeatherDaysFX - Failed to add a new day(row)
17:52:53 [JavaFX Application Thread] INFO part2.labwork4.first.WeatherDaysFX - Starting application...
17:52:54 [JavaFX Application Thread] INFO part2.labwork4.first.WeatherDaysFX - Application started successfully
17:52:59 [JavaFX Application Thread] INFO part2.labwork4.first.WeatherDaysFX - Attempting to add a new day...
17:52:59 [JavaFX Application Thread] INFO part2.labwork4.first.WeatherDaysFX - New day(row) added successfully
17:52:59 [JavaFX Application Thread] DEBUG part2.labwork4.first.WeatherDaysFX - Added day: Date: . Temperature: 0.0 degrees Celsius.
Comment: 
17:52:59 [JavaFX Application Thread] INFO part2.labwork4.first.WeatherDaysFX - Attempting to update the table...
17:52:59 [JavaFX Application Thread] INFO part2.labwork4.first.WeatherDaysFX - Table updated successfully
17:53:02 [JavaFX Application Thread] INFO part2.labwork4.first.WeatherDaysFX - Attempting to search by word...
17:53:02 [JavaFX Application Thread] INFO part2.labwork4.first.WeatherDaysFX - Source data updated successfully
17:53:02 [JavaFX Application Thread] INFO part2.labwork4.first.WeatherDaysFX - Search by word completed successfully
17:53:02 [JavaFX Application Thread] DEBUG part2.labwork4.first.WeatherDaysFX - Searched word: . Found days: 
17:53:04 [JavaFX Application Thread] INFO part2.labwork4.first.WeatherDaysFX - Attempting to remove the last row...
17:53:04 [JavaFX Application Thread] INFO part2.labwork4.first.WeatherDaysFX - Last row removed successfully
17:53:04 [JavaFX Application Thread] DEBUG part2.labwork4.first.WeatherDaysFX - Removed day: Date: . Temperature: 0.0 degrees Celsius.
Comment: 
17:53:04 [JavaFX Application Thread] INFO part2.labwork4.first.WeatherDaysFX - Attempting to update the table...
17:53:04 [JavaFX Application Thread] INFO part2.labwork4.first.WeatherDaysFX - Table updated successfully
17:53:06 [JavaFX Application Thread] INFO part2.labwork4.first.WeatherDaysFX - Attempting to remove the last row...
17:53:06 [JavaFX Application Thread] INFO part2.labwork4.first.WeatherDaysFX - Last row removed successfully
17:53:06 [JavaFX Application Thread] DEBUG part2.labwork4.first.WeatherDaysFX - Removed day: Date: . Temperature: 0.0 degrees Celsius.
Comment: 
17:53:06 [JavaFX Application Thread] INFO part2.labwork4.first.WeatherDaysFX - Attempting to update the table...
17:53:06 [JavaFX Application Thread] INFO part2.labwork4.first.WeatherDaysFX - Table updated successfully
17:53:06 [JavaFX Application Thread] INFO part2.labwork4.first.WeatherDaysFX - Attempting to remove the last row...
17:53:06 [JavaFX Application Thread] INFO part2.labwork4.first.WeatherDaysFX - Last row removed successfully
17:53:06 [JavaFX Application Thread] DEBUG part2.labwork4.first.WeatherDaysFX - Removed day: Date: . Temperature: 0.0 degrees Celsius.
Comment: 
17:53:06 [JavaFX Application Thread] INFO part2.labwork4.first.WeatherDaysFX - Attempting to update the table...
17:53:06 [JavaFX Application Thread] INFO part2.labwork4.first.WeatherDaysFX - Table updated successfully
17:53:07 [JavaFX Application Thread] INFO part2.labwork4.first.WeatherDaysFX - Attempting to add a new day...
17:53:07 [JavaFX Application Thread] INFO part2.labwork4.first.WeatherDaysFX - Failed to add a new day(row)
17:53:09 [main] INFO part2.labwork4.first.WeatherDaysFX - Application closed
17:53:42 [JavaFX Application Thread] INFO part2.labwork4.first.WeatherDaysFX - Starting application...
17:53:42 [JavaFX Application Thread] INFO part2.labwork4.first.WeatherDaysFX - Application started successfully
17:53:44 [JavaFX Application Thread] INFO part2.labwork4.first.WeatherDaysFX - Attempting to add a new day...
17:53:44 [JavaFX Application Thread] INFO part2.labwork4.first.WeatherDaysFX - Source data updated successfully
17:53:44 [JavaFX Application Thread] INFO part2.labwork4.first.WeatherDaysFX - New day(row) added successfully
17:53:44 [JavaFX Application Thread] DEBUG part2.labwork4.first.WeatherDaysFX - Added day: Date: . Temperature: 0.0 degrees Celsius.
Comment: 
17:53:44 [JavaFX Application Thread] INFO part2.labwork4.first.WeatherDaysFX - Attempting to update the table...
17:53:44 [JavaFX Application Thread] INFO part2.labwork4.first.WeatherDaysFX - Table updated successfully
17:53:45 [JavaFX Application Thread] INFO part2.labwork4.first.WeatherDaysFX - Attempting to search by word...
17:53:45 [JavaFX Application Thread] INFO part2.labwork4.first.WeatherDaysFX - Source data updated successfully
17:53:45 [JavaFX Application Thread] INFO part2.labwork4.first.WeatherDaysFX - Search by word completed successfully
17:53:45 [JavaFX Application Thread] DEBUG part2.labwork4.first.WeatherDaysFX - Searched word: . Found days: 
17:53:46 [JavaFX Application Thread] INFO part2.labwork4.first.WeatherDaysFX - Attempting to search by word fragment...
17:53:46 [JavaFX Application Thread] INFO part2.labwork4.first.WeatherDaysFX - Source data updated successfully
17:53:46 [JavaFX Application Thread] INFO part2.labwork4.first.WeatherDaysFX - Search by word fragment completed successfully
17:53:46 [JavaFX Application Thread] DEBUG part2.labwork4.first.WeatherDaysFX - Searched word fragment: . Found days: 
17:53:47 [JavaFX Application Thread] INFO part2.labwork4.first.WeatherDaysFX - Attempting to remove the last row...
17:53:47 [JavaFX Application Thread] INFO part2.labwork4.first.WeatherDaysFX - Last row removed successfully
17:53:47 [JavaFX Application Thread] DEBUG part2.labwork4.first.WeatherDaysFX - Removed day: Date: . Temperature: 0.0 degrees Celsius.
Comment: 
17:53:49 [JavaFX Application Thread] INFO part2.labwork4.first.WeatherDaysFX - Attempting to remove the last row...
17:53:49 [JavaFX Application Thread] INFO part2.labwork4.first.WeatherDaysFX - No rows to remove
17:53:50 [JavaFX Application Thread] INFO part2.labwork4.first.WeatherDaysFX - Attempting to add a new day...
17:53:50 [JavaFX Application Thread] INFO part2.labwork4.first.WeatherDaysFX - Source data updated successfully
17:53:50 [JavaFX Application Thread] INFO part2.labwork4.first.WeatherDaysFX - New day(row) added successfully
17:53:50 [JavaFX Application Thread] DEBUG part2.labwork4.first.WeatherDaysFX - Added day: Date: . Temperature: 0.0 degrees Celsius.
Comment: 
17:53:50 [JavaFX Application Thread] INFO part2.labwork4.first.WeatherDaysFX - Attempting to update the table...
17:53:50 [JavaFX Application Thread] INFO part2.labwork4.first.WeatherDaysFX - Table updated successfully
17:53:51 [JavaFX Application Thread] INFO part2.labwork4.first.WeatherDaysFX - Attempting to remove the last row...
17:53:51 [JavaFX Application Thread] INFO part2.labwork4.first.WeatherDaysFX - Last row removed successfully
17:53:51 [JavaFX Application Thread] DEBUG part2.labwork4.first.WeatherDaysFX - Removed day: Date: . Temperature: 0.0 degrees Celsius.
Comment: 
17:53:52 [JavaFX Application Thread] INFO part2.labwork4.first.WeatherDaysFX - Attempting to add a new day...
17:53:52 [JavaFX Application Thread] INFO part2.labwork4.first.WeatherDaysFX - Source data updated successfully
17:53:52 [JavaFX Application Thread] INFO part2.labwork4.first.WeatherDaysFX - New day(row) added successfully
17:53:52 [JavaFX Application Thread] DEBUG part2.labwork4.first.WeatherDaysFX - Added day: Date: . Temperature: 0.0 degrees Celsius.
Comment: 
17:53:52 [JavaFX Application Thread] INFO part2.labwork4.first.WeatherDaysFX - Attempting to update the table...
17:53:52 [JavaFX Application Thread] INFO part2.labwork4.first.WeatherDaysFX - Table updated successfully
17:53:56 [JavaFX Application Thread] INFO part2.labwork4.first.WeatherDaysFX - Attempting to add a new day...
17:53:56 [JavaFX Application Thread] INFO part2.labwork4.first.WeatherDaysFX - Source data updated successfully
17:53:56 [JavaFX Application Thread] INFO part2.labwork4.first.WeatherDaysFX - Failed to add a new day(row)
17:53:58 [JavaFX Application Thread] INFO part2.labwork4.first.WeatherDaysFX - Day temperature updated successfully
17:53:58 [JavaFX Application Thread] DEBUG part2.labwork4.first.WeatherDaysFX - Day temperature changed from: 0.0 to: 3.0
17:53:59 [JavaFX Application Thread] INFO part2.labwork4.first.WeatherDaysFX - Attempting to add a new day...
17:53:59 [JavaFX Application Thread] INFO part2.labwork4.first.WeatherDaysFX - Source data updated successfully
17:53:59 [JavaFX Application Thread] INFO part2.labwork4.first.WeatherDaysFX - New day(row) added successfully
17:53:59 [JavaFX Application Thread] DEBUG part2.labwork4.first.WeatherDaysFX - Added day: Date: . Temperature: 0.0 degrees Celsius.
Comment: 
17:53:59 [JavaFX Application Thread] INFO part2.labwork4.first.WeatherDaysFX - Attempting to update the table...
17:54:00 [JavaFX Application Thread] INFO part2.labwork4.first.WeatherDaysFX - Table updated successfully
17:54:15 [JavaFX Application Thread] INFO part2.labwork4.first.WeatherDaysFX - Starting a new session...
17:54:15 [JavaFX Application Thread] INFO part2.labwork4.first.WeatherDaysFX - New session started successfully
17:54:16 [JavaFX Application Thread] INFO part2.labwork4.first.WeatherDaysFX - Attempting to open a file...
17:54:35 [JavaFX Application Thread] INFO part2.labwork4.first.WeatherDaysFX - Deserializing from XML
17:54:35 [JavaFX Application Thread] INFO part2.labwork4.first.WeatherDaysFX - Deserializing from XML file was successful
17:54:35 [JavaFX Application Thread] INFO part2.labwork4.first.WeatherDaysFX - Attempting to update the table...
17:54:35 [JavaFX Application Thread] INFO part2.labwork4.first.WeatherDaysFX - Table updated successfully
17:54:35 [JavaFX Application Thread] INFO part2.labwork4.first.WeatherDaysFX - File opened successfully
17:54:35 [JavaFX Application Thread] DEBUG part2.labwork4.first.WeatherDaysFX - Opened file: C:\Users\HP\IdeaProjects\maven\ProgrammingBasicsJavaLabworks\storage\part2\labwork4\first\sources\weather.xml
17:55:31 [main] INFO part2.labwork4.first.WeatherDaysFX - Application closed
