17:37:05 [JavaFX Application Thread] INFO part2.labwork5.first.dao.DayDAO - Attempting to add day for season: summer
17:37:05 [JavaFX Application Thread] INFO part2.labwork5.first.dao.DayDAO - Day added successfully for season: summer
17:37:05 [JavaFX Application Thread] INFO part2.labwork5.first.dao.DayDAO - Attempting to add day for season: summer
17:37:05 [JavaFX Application Thread] INFO part2.labwork5.first.dao.DayDAO - Day added successfully for season: summer
17:37:05 [JavaFX Application Thread] INFO part2.labwork5.first.dao.DayDAO - Attempting to add day for season: winter
17:37:05 [JavaFX Application Thread] INFO part2.labwork5.first.dao.DayDAO - Day added successfully for season: winter
17:37:05 [JavaFX Application Thread] INFO part2.labwork5.first.dao.DayDAO - Attempting to add day for season: winter
17:37:05 [JavaFX Application Thread] INFO part2.labwork5.first.dao.DayDAO - Day added successfully for season: winter
17:37:05 [JavaFX Application Thread] INFO part2.labwork5.first.dao.DayDAO - Attempting to add day for season: spring
17:37:05 [JavaFX Application Thread] INFO part2.labwork5.first.dao.DayDAO - Day added successfully for season: spring
17:37:05 [JavaFX Application Thread] INFO part2.labwork5.first.dao.DayDAO - Attempting to add day for season: spring
17:37:05 [JavaFX Application Thread] INFO part2.labwork5.first.dao.DayDAO - Day added successfully for season: spring
17:37:05 [JavaFX Application Thread] INFO part2.labwork5.first.dao.DayDAO - Attempting to add day for season: spring
17:37:05 [JavaFX Application Thread] INFO part2.labwork5.first.dao.DayDAO - Day added successfully for season: spring
17:37:05 [JavaFX Application Thread] INFO part2.labwork5.first.dao.DayDAO - Attempting to add day for season: autumn
17:37:05 [JavaFX Application Thread] INFO part2.labwork5.first.dao.DayDAO - Day added successfully for season: autumn
17:37:05 [JavaFX Application Thread] INFO part2.labwork5.first.dao.DayDAO - Attempting to add day for season: autumn
17:37:05 [JavaFX Application Thread] INFO part2.labwork5.first.dao.DayDAO - Day added successfully for season: autumn
17:37:05 [JavaFX Application Thread] INFO part2.labwork5.first.dao.DayDAO - Attempting to get days data...
17:37:05 [JavaFX Application Thread] INFO part2.labwork5.first.dao.DayDAO - Days data retrieved successfully
17:37:22 [JavaFX Application Thread] INFO part2.labwork5.first.dao.DayDAO - Attempting to find days with max temperature...
17:37:22 [JavaFX Application Thread] INFO part2.labwork5.first.dao.DayDAO - Attempting to find days with query:     SELECT d.*, w.season
    FROM weathers_db.days d
    INNER JOIN weathers_db.weathers w ON d.weather_id = w.id
    WHERE d.temperature = (SELECT MAX(temperature) FROM weathers_db.days);
 and weatherId: none
17:37:22 [JavaFX Application Thread] INFO part2.labwork5.first.dao.DayDAO - Attempting to get days data...
17:37:22 [JavaFX Application Thread] INFO part2.labwork5.first.dao.DayDAO - Days data retrieved successfully
17:37:22 [JavaFX Application Thread] INFO part2.labwork5.first.dao.DayDAO - Days found successfully with query:     SELECT d.*, w.season
    FROM weathers_db.days d
    INNER JOIN weathers_db.weathers w ON d.weather_id = w.id
    WHERE d.temperature = (SELECT MAX(temperature) FROM weathers_db.days);
 and weatherId: none
17:37:22 [JavaFX Application Thread] INFO part2.labwork5.first.dao.DayDAO - Days with max temperature found successfully
17:37:34 [JavaFX Application Thread] INFO part2.labwork5.first.dao.DayDAO - Attempting to find days with longest comment...
17:37:34 [JavaFX Application Thread] INFO part2.labwork5.first.dao.DayDAO - Attempting to find days with query:     SELECT d.*, w.season
    FROM weathers_db.days d
    INNER JOIN weathers_db.weathers w ON d.weather_id = w.id
    WHERE LENGTH(d.comment) = (
        SELECT MAX(LENGTH(comment))
        FROM weathers_db.days
    );
 and weatherId: none
17:37:34 [JavaFX Application Thread] INFO part2.labwork5.first.dao.DayDAO - Attempting to get days data...
17:37:34 [JavaFX Application Thread] INFO part2.labwork5.first.dao.DayDAO - Days data retrieved successfully
17:37:34 [JavaFX Application Thread] INFO part2.labwork5.first.dao.DayDAO - Days found successfully with query:     SELECT d.*, w.season
    FROM weathers_db.days d
    INNER JOIN weathers_db.weathers w ON d.weather_id = w.id
    WHERE LENGTH(d.comment) = (
        SELECT MAX(LENGTH(comment))
        FROM weathers_db.days
    );
 and weatherId: none
17:37:34 [JavaFX Application Thread] INFO part2.labwork5.first.dao.DayDAO - Days with longest comment found successfully
17:37:46 [JavaFX Application Thread] INFO part2.labwork5.first.dao.DayDAO - Attempting to find days with word fragment: 
17:37:46 [JavaFX Application Thread] INFO part2.labwork5.first.dao.DayDAO - Attempting to find days with query:      SELECT d.*, w.season
     FROM weathers_db.days d
     INNER JOIN weathers_db.weathers w ON d.weather_id = w.id
     WHERE d.comment LIKE '%%';
 and weatherId: none
17:37:46 [JavaFX Application Thread] INFO part2.labwork5.first.dao.DayDAO - Attempting to get days data...
17:37:46 [JavaFX Application Thread] INFO part2.labwork5.first.dao.DayDAO - Days data retrieved successfully
17:37:46 [JavaFX Application Thread] INFO part2.labwork5.first.dao.DayDAO - Days found successfully with query:      SELECT d.*, w.season
     FROM weathers_db.days d
     INNER JOIN weathers_db.weathers w ON d.weather_id = w.id
     WHERE d.comment LIKE '%%';
 and weatherId: none
17:37:46 [JavaFX Application Thread] INFO part2.labwork5.first.dao.DayDAO - Days found successfully with word fragment: 
17:37:54 [JavaFX Application Thread] INFO part2.labwork5.first.dao.DayDAO - Attempting to find days with word fragment: cold
17:37:54 [JavaFX Application Thread] INFO part2.labwork5.first.dao.DayDAO - Attempting to find days with query:      SELECT d.*, w.season
     FROM weathers_db.days d
     INNER JOIN weathers_db.weathers w ON d.weather_id = w.id
     WHERE d.comment LIKE '%cold%';
 and weatherId: none
17:37:54 [JavaFX Application Thread] INFO part2.labwork5.first.dao.DayDAO - Attempting to get days data...
17:37:54 [JavaFX Application Thread] INFO part2.labwork5.first.dao.DayDAO - Days data retrieved successfully
17:37:54 [JavaFX Application Thread] INFO part2.labwork5.first.dao.DayDAO - Days found successfully with query:      SELECT d.*, w.season
     FROM weathers_db.days d
     INNER JOIN weathers_db.weathers w ON d.weather_id = w.id
     WHERE d.comment LIKE '%cold%';
 and weatherId: none
17:37:54 [JavaFX Application Thread] INFO part2.labwork5.first.dao.DayDAO - Days found successfully with word fragment: cold
17:38:21 [JavaFX Application Thread] INFO part2.labwork5.first.dao.DayDAO - Attempting to remove days for weatherId: 2
17:38:21 [JavaFX Application Thread] INFO part2.labwork5.first.dao.DayDAO - Days removed successfully for weatherId: 2
17:38:21 [JavaFX Application Thread] INFO part2.labwork5.first.dao.DayDAO - Attempting to get days data...
17:38:21 [JavaFX Application Thread] INFO part2.labwork5.first.dao.DayDAO - Days data retrieved successfully
17:38:33 [JavaFX Application Thread] INFO part2.labwork5.first.dao.DayDAO - Attempting to find days with max temperature for weather season: winter
17:42:22 [JavaFX Application Thread] INFO part2.labwork5.first.dao.DayDAO - Attempting to add day for season: winter
17:42:22 [JavaFX Application Thread] INFO part2.labwork5.first.dao.DayDAO - Day added successfully for season: winter
17:42:34 [JavaFX Application Thread] INFO part2.labwork5.first.dao.DayDAO - Attempting to get days data...
17:42:34 [JavaFX Application Thread] INFO part2.labwork5.first.dao.DayDAO - Days data retrieved successfully
17:42:53 [JavaFX Application Thread] INFO part2.labwork5.first.dao.DayDAO - Attempting to add day for season: winter
17:42:53 [JavaFX Application Thread] ERROR part2.labwork5.first.dao.DayDAO - Error occurred while adding day for season: winter
java.sql.SQLIntegrityConstraintViolationException: Duplicate entry '2024-11-22' for key 'days.date'
	at com.mysql.cj.jdbc.exceptions.SQLError.createSQLException(SQLError.java:118) ~[mysql-connector-j-8.0.33.jar:8.0.33]
	at com.mysql.cj.jdbc.exceptions.SQLExceptionsMapping.translateException(SQLExceptionsMapping.java:122) ~[mysql-connector-j-8.0.33.jar:8.0.33]
	at com.mysql.cj.jdbc.ClientPreparedStatement.executeInternal(ClientPreparedStatement.java:916) ~[mysql-connector-j-8.0.33.jar:8.0.33]
	at com.mysql.cj.jdbc.ClientPreparedStatement.executeUpdateInternal(ClientPreparedStatement.java:1061) ~[mysql-connector-j-8.0.33.jar:8.0.33]
	at com.mysql.cj.jdbc.ClientPreparedStatement.executeUpdateInternal(ClientPreparedStatement.java:1009) ~[mysql-connector-j-8.0.33.jar:8.0.33]
	at com.mysql.cj.jdbc.ClientPreparedStatement.executeLargeUpdate(ClientPreparedStatement.java:1320) ~[mysql-connector-j-8.0.33.jar:8.0.33]
	at com.mysql.cj.jdbc.ClientPreparedStatement.executeUpdate(ClientPreparedStatement.java:994) ~[mysql-connector-j-8.0.33.jar:8.0.33]
	at part2.labwork5.first.dao.DayDAO.addDay(DayDAO.java:77) ~[classes/:?]
	at part2.labwork5.first.service.DayService.addDay(DayService.java:42) ~[classes/:?]
	at part2.labwork5.third.NewDayController.doOK(NewDayController.java:91) ~[classes/:?]
	at jdk.internal.reflect.NativeMethodAccessorImpl.invoke0(Native Method) ~[?:?]
	at jdk.internal.reflect.NativeMethodAccessorImpl.invoke(NativeMethodAccessorImpl.java:77) ~[?:?]
	at jdk.internal.reflect.DelegatingMethodAccessorImpl.invoke(DelegatingMethodAccessorImpl.java:43) ~[?:?]
	at java.lang.reflect.Method.invoke(Method.java:568) ~[?:?]
	at com.sun.javafx.reflect.Trampoline.invoke(MethodUtil.java:72) ~[javafx.base.jar:?]
	at jdk.internal.reflect.GeneratedMethodAccessor2.invoke(Unknown Source) ~[?:?]
	at jdk.internal.reflect.DelegatingMethodAccessorImpl.invoke(DelegatingMethodAccessorImpl.java:43) ~[?:?]
	at java.lang.reflect.Method.invoke(Method.java:568) ~[?:?]
	at com.sun.javafx.reflect.MethodUtil.invoke(MethodUtil.java:270) ~[javafx.base.jar:?]
	at com.sun.javafx.fxml.MethodHelper.invoke(MethodHelper.java:84) ~[javafx.fxml.jar:?]
	at javafx.fxml.FXMLLoader$MethodHandler.invoke(FXMLLoader.java:1853) ~[javafx.fxml.jar:?]
	at javafx.fxml.FXMLLoader$ControllerMethodEventHandler.handle(FXMLLoader.java:1726) ~[javafx.fxml.jar:?]
	at com.sun.javafx.event.CompositeEventHandler.dispatchBubblingEvent(CompositeEventHandler.java:86) ~[javafx.base.jar:?]
	at com.sun.javafx.event.EventHandlerManager.dispatchBubblingEvent(EventHandlerManager.java:232) ~[javafx.base.jar:?]
	at com.sun.javafx.event.EventHandlerManager.dispatchBubblingEvent(EventHandlerManager.java:189) ~[javafx.base.jar:?]
	at com.sun.javafx.event.CompositeEventDispatcher.dispatchBubblingEvent(CompositeEventDispatcher.java:59) ~[javafx.base.jar:?]
	at com.sun.javafx.event.BasicEventDispatcher.dispatchEvent(BasicEventDispatcher.java:58) ~[javafx.base.jar:?]
	at com.sun.javafx.event.EventDispatchChainImpl.dispatchEvent(EventDispatchChainImpl.java:114) ~[javafx.base.jar:?]
	at com.sun.javafx.event.BasicEventDispatcher.dispatchEvent(BasicEventDispatcher.java:56) ~[javafx.base.jar:?]
	at com.sun.javafx.event.EventDispatchChainImpl.dispatchEvent(EventDispatchChainImpl.java:114) ~[javafx.base.jar:?]
	at com.sun.javafx.event.BasicEventDispatcher.dispatchEvent(BasicEventDispatcher.java:56) ~[javafx.base.jar:?]
	at com.sun.javafx.event.EventDispatchChainImpl.dispatchEvent(EventDispatchChainImpl.java:114) ~[javafx.base.jar:?]
	at com.sun.javafx.event.EventUtil.fireEventImpl(EventUtil.java:74) ~[javafx.base.jar:?]
	at com.sun.javafx.event.EventUtil.fireEvent(EventUtil.java:49) ~[javafx.base.jar:?]
	at javafx.event.Event.fireEvent(Event.java:198) ~[javafx.base.jar:?]
	at javafx.scene.Node.fireEvent(Node.java:8875) ~[javafx.graphics.jar:?]
	at javafx.scene.control.Button.fire(Button.java:203) ~[javafx.controls.jar:?]
	at com.sun.javafx.scene.control.behavior.ButtonBehavior.mouseReleased(ButtonBehavior.java:207) ~[javafx.controls.jar:?]
	at com.sun.javafx.scene.control.inputmap.InputMap.handle(InputMap.java:274) ~[javafx.controls.jar:?]
	at com.sun.javafx.event.CompositeEventHandler$NormalEventHandlerRecord.handleBubblingEvent(CompositeEventHandler.java:247) ~[javafx.base.jar:?]
	at com.sun.javafx.event.CompositeEventHandler.dispatchBubblingEvent(CompositeEventHandler.java:80) ~[javafx.base.jar:?]
	at com.sun.javafx.event.EventHandlerManager.dispatchBubblingEvent(EventHandlerManager.java:232) ~[javafx.base.jar:?]
	at com.sun.javafx.event.EventHandlerManager.dispatchBubblingEvent(EventHandlerManager.java:189) ~[javafx.base.jar:?]
	at com.sun.javafx.event.CompositeEventDispatcher.dispatchBubblingEvent(CompositeEventDispatcher.java:59) ~[javafx.base.jar:?]
	at com.sun.javafx.event.BasicEventDispatcher.dispatchEvent(BasicEventDispatcher.java:58) ~[javafx.base.jar:?]
	at com.sun.javafx.event.EventDispatchChainImpl.dispatchEvent(EventDispatchChainImpl.java:114) ~[javafx.base.jar:?]
	at com.sun.javafx.event.BasicEventDispatcher.dispatchEvent(BasicEventDispatcher.java:56) ~[javafx.base.jar:?]
	at com.sun.javafx.event.EventDispatchChainImpl.dispatchEvent(EventDispatchChainImpl.java:114) ~[javafx.base.jar:?]
	at com.sun.javafx.event.BasicEventDispatcher.dispatchEvent(BasicEventDispatcher.java:56) ~[javafx.base.jar:?]
	at com.sun.javafx.event.EventDispatchChainImpl.dispatchEvent(EventDispatchChainImpl.java:114) ~[javafx.base.jar:?]
	at com.sun.javafx.event.EventUtil.fireEventImpl(EventUtil.java:74) ~[javafx.base.jar:?]
	at com.sun.javafx.event.EventUtil.fireEvent(EventUtil.java:49) ~[javafx.base.jar:?]
	at javafx.event.Event.fireEvent(Event.java:198) ~[javafx.base.jar:?]
	at javafx.scene.Scene$MouseHandler.process(Scene.java:3984) ~[javafx.graphics.jar:?]
	at javafx.scene.Scene.processMouseEvent(Scene.java:1890) ~[javafx.graphics.jar:?]
	at javafx.scene.Scene$ScenePeerListener.mouseEvent(Scene.java:2708) ~[javafx.graphics.jar:?]
	at com.sun.javafx.tk.quantum.GlassViewEventHandler$MouseEventNotification.run(GlassViewEventHandler.java:411) ~[javafx.graphics.jar:?]
	at com.sun.javafx.tk.quantum.GlassViewEventHandler$MouseEventNotification.run(GlassViewEventHandler.java:301) ~[javafx.graphics.jar:?]
	at java.security.AccessController.doPrivileged(AccessController.java:399) ~[?:?]
	at com.sun.javafx.tk.quantum.GlassViewEventHandler.lambda$handleMouseEvent$2(GlassViewEventHandler.java:450) ~[javafx.graphics.jar:?]
	at com.sun.javafx.tk.quantum.QuantumToolkit.runWithoutRenderLock(QuantumToolkit.java:424) ~[javafx.graphics.jar:?]
	at com.sun.javafx.tk.quantum.GlassViewEventHandler.handleMouseEvent(GlassViewEventHandler.java:449) ~[javafx.graphics.jar:?]
	at com.sun.glass.ui.View.handleMouseEvent(View.java:551) ~[javafx.graphics.jar:?]
	at com.sun.glass.ui.View.notifyMouse(View.java:937) ~[javafx.graphics.jar:?]
	at com.sun.glass.ui.win.WinApplication._enterNestedEventLoopImpl(Native Method) ~[javafx.graphics.jar:?]
	at com.sun.glass.ui.win.WinApplication._enterNestedEventLoop(WinApplication.java:212) ~[javafx.graphics.jar:?]
	at com.sun.glass.ui.Application.enterNestedEventLoop(Application.java:515) ~[javafx.graphics.jar:?]
	at com.sun.glass.ui.EventLoop.enter(EventLoop.java:107) ~[javafx.graphics.jar:?]
	at com.sun.javafx.tk.quantum.QuantumToolkit.enterNestedEventLoop(QuantumToolkit.java:650) ~[javafx.graphics.jar:?]
	at javafx.stage.Stage.showAndWait(Stage.java:469) ~[javafx.graphics.jar:?]
	at part2.labwork5.third.WeathersController.doAddDay(WeathersController.java:396) ~[classes/:?]
	at jdk.internal.reflect.NativeMethodAccessorImpl.invoke0(Native Method) ~[?:?]
	at jdk.internal.reflect.NativeMethodAccessorImpl.invoke(NativeMethodAccessorImpl.java:77) ~[?:?]
	at jdk.internal.reflect.DelegatingMethodAccessorImpl.invoke(DelegatingMethodAccessorImpl.java:43) ~[?:?]
	at java.lang.reflect.Method.invoke(Method.java:568) ~[?:?]
	at com.sun.javafx.reflect.Trampoline.invoke(MethodUtil.java:72) ~[javafx.base.jar:?]
	at jdk.internal.reflect.GeneratedMethodAccessor2.invoke(Unknown Source) ~[?:?]
	at jdk.internal.reflect.DelegatingMethodAccessorImpl.invoke(DelegatingMethodAccessorImpl.java:43) ~[?:?]
	at java.lang.reflect.Method.invoke(Method.java:568) ~[?:?]
	at com.sun.javafx.reflect.MethodUtil.invoke(MethodUtil.java:270) ~[javafx.base.jar:?]
	at com.sun.javafx.fxml.MethodHelper.invoke(MethodHelper.java:84) ~[javafx.fxml.jar:?]
	at javafx.fxml.FXMLLoader$MethodHandler.invoke(FXMLLoader.java:1853) ~[javafx.fxml.jar:?]
	at javafx.fxml.FXMLLoader$ControllerMethodEventHandler.handle(FXMLLoader.java:1726) ~[javafx.fxml.jar:?]
	at com.sun.javafx.event.CompositeEventHandler.dispatchBubblingEvent(CompositeEventHandler.java:86) ~[javafx.base.jar:?]
	at com.sun.javafx.event.EventHandlerManager.dispatchBubblingEvent(EventHandlerManager.java:232) ~[javafx.base.jar:?]
	at com.sun.javafx.event.EventHandlerManager.dispatchBubblingEvent(EventHandlerManager.java:189) ~[javafx.base.jar:?]
	at com.sun.javafx.event.CompositeEventDispatcher.dispatchBubblingEvent(CompositeEventDispatcher.java:59) ~[javafx.base.jar:?]
	at com.sun.javafx.event.BasicEventDispatcher.dispatchEvent(BasicEventDispatcher.java:58) ~[javafx.base.jar:?]
	at com.sun.javafx.event.EventDispatchChainImpl.dispatchEvent(EventDispatchChainImpl.java:114) ~[javafx.base.jar:?]
	at com.sun.javafx.event.BasicEventDispatcher.dispatchEvent(BasicEventDispatcher.java:56) ~[javafx.base.jar:?]
	at com.sun.javafx.event.EventDispatchChainImpl.dispatchEvent(EventDispatchChainImpl.java:114) ~[javafx.base.jar:?]
	at com.sun.javafx.event.BasicEventDispatcher.dispatchEvent(BasicEventDispatcher.java:56) ~[javafx.base.jar:?]
	at com.sun.javafx.event.EventDispatchChainImpl.dispatchEvent(EventDispatchChainImpl.java:114) ~[javafx.base.jar:?]
	at com.sun.javafx.event.EventUtil.fireEventImpl(EventUtil.java:74) ~[javafx.base.jar:?]
	at com.sun.javafx.event.EventUtil.fireEvent(EventUtil.java:49) ~[javafx.base.jar:?]
	at javafx.event.Event.fireEvent(Event.java:198) ~[javafx.base.jar:?]
	at javafx.scene.Node.fireEvent(Node.java:8875) ~[javafx.graphics.jar:?]
	at javafx.scene.control.Button.fire(Button.java:203) ~[javafx.controls.jar:?]
	at com.sun.javafx.scene.control.behavior.ButtonBehavior.mouseReleased(ButtonBehavior.java:207) ~[javafx.controls.jar:?]
	at com.sun.javafx.scene.control.inputmap.InputMap.handle(InputMap.java:274) ~[javafx.controls.jar:?]
	at com.sun.javafx.event.CompositeEventHandler$NormalEventHandlerRecord.handleBubblingEvent(CompositeEventHandler.java:247) ~[javafx.base.jar:?]
	at com.sun.javafx.event.CompositeEventHandler.dispatchBubblingEvent(CompositeEventHandler.java:80) ~[javafx.base.jar:?]
	at com.sun.javafx.event.EventHandlerManager.dispatchBubblingEvent(EventHandlerManager.java:232) ~[javafx.base.jar:?]
	at com.sun.javafx.event.EventHandlerManager.dispatchBubblingEvent(EventHandlerManager.java:189) ~[javafx.base.jar:?]
	at com.sun.javafx.event.CompositeEventDispatcher.dispatchBubblingEvent(CompositeEventDispatcher.java:59) ~[javafx.base.jar:?]
	at com.sun.javafx.event.BasicEventDispatcher.dispatchEvent(BasicEventDispatcher.java:58) ~[javafx.base.jar:?]
	at com.sun.javafx.event.EventDispatchChainImpl.dispatchEvent(EventDispatchChainImpl.java:114) ~[javafx.base.jar:?]
	at com.sun.javafx.event.BasicEventDispatcher.dispatchEvent(BasicEventDispatcher.java:56) ~[javafx.base.jar:?]
	at com.sun.javafx.event.EventDispatchChainImpl.dispatchEvent(EventDispatchChainImpl.java:114) ~[javafx.base.jar:?]
	at com.sun.javafx.event.BasicEventDispatcher.dispatchEvent(BasicEventDispatcher.java:56) ~[javafx.base.jar:?]
	at com.sun.javafx.event.EventDispatchChainImpl.dispatchEvent(EventDispatchChainImpl.java:114) ~[javafx.base.jar:?]
	at com.sun.javafx.event.EventUtil.fireEventImpl(EventUtil.java:74) ~[javafx.base.jar:?]
	at com.sun.javafx.event.EventUtil.fireEvent(EventUtil.java:54) ~[javafx.base.jar:?]
	at javafx.event.Event.fireEvent(Event.java:198) ~[javafx.base.jar:?]
	at javafx.scene.Scene$MouseHandler.process(Scene.java:3984) ~[javafx.graphics.jar:?]
	at javafx.scene.Scene.processMouseEvent(Scene.java:1890) ~[javafx.graphics.jar:?]
	at javafx.scene.Scene$ScenePeerListener.mouseEvent(Scene.java:2708) ~[javafx.graphics.jar:?]
	at com.sun.javafx.tk.quantum.GlassViewEventHandler$MouseEventNotification.run(GlassViewEventHandler.java:411) ~[javafx.graphics.jar:?]
	at com.sun.javafx.tk.quantum.GlassViewEventHandler$MouseEventNotification.run(GlassViewEventHandler.java:301) ~[javafx.graphics.jar:?]
	at java.security.AccessController.doPrivileged(AccessController.java:399) ~[?:?]
	at com.sun.javafx.tk.quantum.GlassViewEventHandler.lambda$handleMouseEvent$2(GlassViewEventHandler.java:450) ~[javafx.graphics.jar:?]
	at com.sun.javafx.tk.quantum.QuantumToolkit.runWithoutRenderLock(QuantumToolkit.java:424) ~[javafx.graphics.jar:?]
	at com.sun.javafx.tk.quantum.GlassViewEventHandler.handleMouseEvent(GlassViewEventHandler.java:449) ~[javafx.graphics.jar:?]
	at com.sun.glass.ui.View.handleMouseEvent(View.java:551) ~[javafx.graphics.jar:?]
	at com.sun.glass.ui.View.notifyMouse(View.java:937) ~[javafx.graphics.jar:?]
	at com.sun.glass.ui.win.WinApplication._runLoop(Native Method) ~[javafx.graphics.jar:?]
	at com.sun.glass.ui.win.WinApplication.lambda$runLoop$3(WinApplication.java:185) ~[javafx.graphics.jar:?]
	at java.lang.Thread.run(Thread.java:833) [?:?]
17:43:10 [JavaFX Application Thread] INFO part2.labwork5.first.dao.DayDAO - Attempting to get days data...
17:43:10 [JavaFX Application Thread] INFO part2.labwork5.first.dao.DayDAO - Days data retrieved successfully
17:43:22 [JavaFX Application Thread] INFO part2.labwork5.first.dao.DayDAO - Attempting to remove day for season: winter and date: 2024-11-22
17:43:22 [JavaFX Application Thread] INFO part2.labwork5.first.dao.DayDAO - Day removed successfully for season: winter and date: 2024-11-22
17:43:22 [JavaFX Application Thread] INFO part2.labwork5.first.dao.DayDAO - Attempting to get days data...
17:43:22 [JavaFX Application Thread] INFO part2.labwork5.first.dao.DayDAO - Days data retrieved successfully
17:43:37 [JavaFX Application Thread] INFO part2.labwork5.first.dao.DayDAO - Attempting to find days with max temperature for weather season: summer
17:43:37 [JavaFX Application Thread] INFO part2.labwork5.first.dao.DayDAO - Attempting to find days with query:     SELECT d.*, w.season
    FROM weathers_db.days d
    INNER JOIN weathers_db.weathers w ON d.weather_id = w.id
    WHERE w.id = ? AND d.temperature = (
        SELECT MAX(temperature)
        FROM weathers_db.days d2
        WHERE d2.weather_id = ?
    );
 and weatherId: 1
17:43:37 [JavaFX Application Thread] INFO part2.labwork5.first.dao.DayDAO - Attempting to get days data...
17:43:37 [JavaFX Application Thread] INFO part2.labwork5.first.dao.DayDAO - Days data retrieved successfully
17:43:37 [JavaFX Application Thread] INFO part2.labwork5.first.dao.DayDAO - Days found successfully with query:     SELECT d.*, w.season
    FROM weathers_db.days d
    INNER JOIN weathers_db.weathers w ON d.weather_id = w.id
    WHERE w.id = ? AND d.temperature = (
        SELECT MAX(temperature)
        FROM weathers_db.days d2
        WHERE d2.weather_id = ?
    );
 and weatherId: 1
17:43:37 [JavaFX Application Thread] INFO part2.labwork5.first.dao.DayDAO - Days with max temperature for weather season: summer found successfully
17:43:44 [JavaFX Application Thread] INFO part2.labwork5.first.dao.DayDAO - Attempting to find days with longest comment for weather season: summer
17:43:44 [JavaFX Application Thread] INFO part2.labwork5.first.dao.DayDAO - Attempting to find days with query:     SELECT d.*, w.season
    FROM weathers_db.days d
    INNER JOIN weathers_db.weathers w ON d.weather_id = w.id
    WHERE w.id = ? AND LENGTH(d.comment) = (
        SELECT MAX(LENGTH(comment))
        FROM weathers_db.days d2
        WHERE d2.weather_id = ?
    );
 and weatherId: 1
17:43:44 [JavaFX Application Thread] INFO part2.labwork5.first.dao.DayDAO - Attempting to get days data...
17:43:44 [JavaFX Application Thread] INFO part2.labwork5.first.dao.DayDAO - Days data retrieved successfully
17:43:44 [JavaFX Application Thread] INFO part2.labwork5.first.dao.DayDAO - Days found successfully with query:     SELECT d.*, w.season
    FROM weathers_db.days d
    INNER JOIN weathers_db.weathers w ON d.weather_id = w.id
    WHERE w.id = ? AND LENGTH(d.comment) = (
        SELECT MAX(LENGTH(comment))
        FROM weathers_db.days d2
        WHERE d2.weather_id = ?
    );
 and weatherId: 1
17:43:44 [JavaFX Application Thread] INFO part2.labwork5.first.dao.DayDAO - Days with longest comment for weather season: summer found successfully
17:43:55 [JavaFX Application Thread] INFO part2.labwork5.first.dao.DayDAO - Attempting to find days with word fragment: cold and weather season: summer
17:43:55 [JavaFX Application Thread] INFO part2.labwork5.first.dao.DayDAO - Attempting to find days with query:     SELECT d.*, w.season
    FROM weathers_db.days d
    INNER JOIN weathers_db.weathers w ON d.weather_id = w.id
    WHERE d.comment LIKE '%cold%' AND w.id = ?;
 and weatherId: 1
17:43:55 [JavaFX Application Thread] INFO part2.labwork5.first.dao.DayDAO - Attempting to get days data...
17:43:55 [JavaFX Application Thread] INFO part2.labwork5.first.dao.DayDAO - Days data retrieved successfully
17:43:55 [JavaFX Application Thread] INFO part2.labwork5.first.dao.DayDAO - Days found successfully with query:     SELECT d.*, w.season
    FROM weathers_db.days d
    INNER JOIN weathers_db.weathers w ON d.weather_id = w.id
    WHERE d.comment LIKE '%cold%' AND w.id = ?;
 and weatherId: 1
17:43:55 [JavaFX Application Thread] INFO part2.labwork5.first.dao.DayDAO - Days found successfully with word fragment: cold and weather season: summer
17:46:18 [JavaFX Application Thread] INFO part2.labwork5.first.dao.DayDAO - Attempting to remove days for weatherId: 1
17:46:18 [JavaFX Application Thread] INFO part2.labwork5.first.dao.DayDAO - Days removed successfully for weatherId: 1
17:46:18 [JavaFX Application Thread] INFO part2.labwork5.first.dao.DayDAO - Attempting to get days data...
17:46:18 [JavaFX Application Thread] INFO part2.labwork5.first.dao.DayDAO - Days data retrieved successfully
17:46:29 [JavaFX Application Thread] INFO part2.labwork5.first.dao.DayDAO - Attempting to find days with word fragment: cold
17:46:29 [JavaFX Application Thread] INFO part2.labwork5.first.dao.DayDAO - Attempting to find days with query:      SELECT d.*, w.season
     FROM weathers_db.days d
     INNER JOIN weathers_db.weathers w ON d.weather_id = w.id
     WHERE d.comment LIKE '%cold%';
 and weatherId: none
17:46:29 [JavaFX Application Thread] INFO part2.labwork5.first.dao.DayDAO - Attempting to get days data...
17:46:29 [JavaFX Application Thread] INFO part2.labwork5.first.dao.DayDAO - Days data retrieved successfully
17:46:29 [JavaFX Application Thread] INFO part2.labwork5.first.dao.DayDAO - Days found successfully with query:      SELECT d.*, w.season
     FROM weathers_db.days d
     INNER JOIN weathers_db.weathers w ON d.weather_id = w.id
     WHERE d.comment LIKE '%cold%';
 and weatherId: none
17:46:29 [JavaFX Application Thread] INFO part2.labwork5.first.dao.DayDAO - Days found successfully with word fragment: cold
17:46:35 [JavaFX Application Thread] INFO part2.labwork5.first.dao.DayDAO - Attempting to find days with word fragment: cold and weather season: summer
17:46:44 [JavaFX Application Thread] INFO part2.labwork5.first.dao.DayDAO - Attempting to find days with word fragment: cold
17:46:44 [JavaFX Application Thread] INFO part2.labwork5.first.dao.DayDAO - Attempting to find days with query:      SELECT d.*, w.season
     FROM weathers_db.days d
     INNER JOIN weathers_db.weathers w ON d.weather_id = w.id
     WHERE d.comment LIKE '%cold%';
 and weatherId: none
17:46:44 [JavaFX Application Thread] INFO part2.labwork5.first.dao.DayDAO - Attempting to get days data...
17:46:44 [JavaFX Application Thread] INFO part2.labwork5.first.dao.DayDAO - Days data retrieved successfully
17:46:44 [JavaFX Application Thread] INFO part2.labwork5.first.dao.DayDAO - Days found successfully with query:      SELECT d.*, w.season
     FROM weathers_db.days d
     INNER JOIN weathers_db.weathers w ON d.weather_id = w.id
     WHERE d.comment LIKE '%cold%';
 and weatherId: none
17:46:44 [JavaFX Application Thread] INFO part2.labwork5.first.dao.DayDAO - Days found successfully with word fragment: cold
17:46:51 [JavaFX Application Thread] INFO part2.labwork5.first.dao.DayDAO - Attempting to find days with word fragment: very
17:46:51 [JavaFX Application Thread] INFO part2.labwork5.first.dao.DayDAO - Attempting to find days with query:      SELECT d.*, w.season
     FROM weathers_db.days d
     INNER JOIN weathers_db.weathers w ON d.weather_id = w.id
     WHERE d.comment LIKE '%very%';
 and weatherId: none
17:46:51 [JavaFX Application Thread] INFO part2.labwork5.first.dao.DayDAO - Attempting to get days data...
17:46:51 [JavaFX Application Thread] INFO part2.labwork5.first.dao.DayDAO - Days data retrieved successfully
17:46:51 [JavaFX Application Thread] INFO part2.labwork5.first.dao.DayDAO - Days found successfully with query:      SELECT d.*, w.season
     FROM weathers_db.days d
     INNER JOIN weathers_db.weathers w ON d.weather_id = w.id
     WHERE d.comment LIKE '%very%';
 and weatherId: none
17:46:51 [JavaFX Application Thread] INFO part2.labwork5.first.dao.DayDAO - Days found successfully with word fragment: very
17:46:55 [JavaFX Application Thread] INFO part2.labwork5.first.dao.DayDAO - Attempting to find days with max temperature...
17:46:55 [JavaFX Application Thread] INFO part2.labwork5.first.dao.DayDAO - Attempting to find days with query:     SELECT d.*, w.season
    FROM weathers_db.days d
    INNER JOIN weathers_db.weathers w ON d.weather_id = w.id
    WHERE d.temperature = (SELECT MAX(temperature) FROM weathers_db.days);
 and weatherId: none
17:46:55 [JavaFX Application Thread] INFO part2.labwork5.first.dao.DayDAO - Attempting to get days data...
17:46:55 [JavaFX Application Thread] INFO part2.labwork5.first.dao.DayDAO - Days data retrieved successfully
17:46:55 [JavaFX Application Thread] INFO part2.labwork5.first.dao.DayDAO - Days found successfully with query:     SELECT d.*, w.season
    FROM weathers_db.days d
    INNER JOIN weathers_db.weathers w ON d.weather_id = w.id
    WHERE d.temperature = (SELECT MAX(temperature) FROM weathers_db.days);
 and weatherId: none
17:46:55 [JavaFX Application Thread] INFO part2.labwork5.first.dao.DayDAO - Days with max temperature found successfully
